===== JOB START =====
mar. 28 avril 2026 17:41:19 CEST
sl-mee-br-202
===== GPU INFO =====
No devices were found
===== LOAD CONDA =====
===== START TRAINING =====
Turnover times: 0.0002885730811282005 1970.4961715176735
RMSE(obs): 0.0010152540339303092
RMSE(EnKF): [7.95945348e-03 2.26363836e-03 1.76542583e-03 8.39640422e-04
 2.54310381e-03 1.16715604e-03 7.07634925e-04 6.62636455e-04
 7.77861786e-04 7.06552786e-04 2.18162846e-04 5.97587039e-05
 3.24516784e-04 3.43270575e-04 2.82685765e-04 6.02130137e-04
 2.49262286e-03 2.33680279e-03 6.82219141e-03 4.94984853e-03
 1.03993644e-02 6.95815177e-03 1.33622023e-02 8.84848496e-03
 1.17079833e-02 8.50566699e-03 8.51571441e-03 7.82733930e-03
 7.85729246e-03 6.31683782e-03 5.21887155e-03 4.68189779e-03
 3.13148465e-03 3.13898335e-03 3.20283464e-03 2.57366295e-03
 2.07278302e-03 1.78162196e-03 7.78151595e-04 6.63217635e-04
 1.77967886e-04 1.65225836e-04 1.66315072e-05 9.47404419e-06]
===== JOB END =====
mar. 28 avril 2026 17:54:08 CEST
