===== JOB START =====
ven. 24 avril 2026 10:29:09 CEST
sl-mee-br-206
===== GPU INFO =====
Fri Apr 24 10:29:09 2026       
+-----------------------------------------------------------------------------------------+
| NVIDIA-SMI 570.158.01             Driver Version: 570.158.01     CUDA Version: 12.8     |
|-----------------------------------------+------------------------+----------------------+
| GPU  Name                 Persistence-M | Bus-Id          Disp.A | Volatile Uncorr. ECC |
| Fan  Temp   Perf          Pwr:Usage/Cap |           Memory-Usage | GPU-Util  Compute M. |
|                                         |                        |               MIG M. |
|=========================================+========================+======================|
|   0  NVIDIA A100-SXM4-80GB          Off |   00000000:CB:00.0 Off |                    0 |
| N/A   39C    P0             66W /  400W |       0MiB /  81920MiB |      0%      Default |
|                                         |                        |             Disabled |
+-----------------------------------------+------------------------+----------------------+
                                                                                         
+-----------------------------------------------------------------------------------------+
| Processes:                                                                              |
|  GPU   GI   CI              PID   Type   Process name                        GPU Memory |
|        ID   ID                                                               Usage      |
|=========================================================================================|
|  No running processes found                                                             |
+-----------------------------------------------------------------------------------------+
===== LOAD CONDA =====
===== START TRAINING =====
[<architecture.Lorenz_Dataset object at 0x77a2fdc5e7d0>, <architecture.Lorenz_Dataset object at 0x77a2fdc4e110>, <architecture.Lorenz_Dataset object at 0x77a2fdc5d1d0>]
===== JOB END =====
ven. 24 avril 2026 10:29:15 CEST
