===== JOB START =====
mer. 29 avril 2026 11:09:19 CEST
sl-mee-br-202
===== GPU INFO =====
No devices were found
===== LOAD CONDA =====
===== START TRAINING =====
Turnover times: 0.0002885730811282005 1970.4961715176735
RMSE(obs): 0.0010152540339303092
RMSE(EnKF): [3.68744163e-03 5.67151948e-03 4.19123067e-03 3.66039516e-03
 1.97392099e-03 1.65405788e-03 1.00759790e-03 4.99986886e-04
 8.99917683e-04 5.23811528e-04 7.86116715e-05 9.11658765e-05
 5.03114450e-05 4.41193046e-05 6.75466466e-05 6.18010965e-05
 3.89670464e-04 3.79063050e-04 6.82178935e-04 7.08021320e-04
 1.48450517e-03 1.16990046e-03 1.75636835e-03 1.70472130e-03
 1.71350052e-03 1.93107025e-03 1.80344288e-03 1.59530086e-03
 1.11783095e-03 1.10263682e-03 9.06942187e-04 1.03799441e-03
 8.44313341e-04 8.16936786e-04 6.26967541e-04 5.24349542e-04
 2.23058181e-04 3.29302627e-04 1.15720794e-04 8.37344214e-05
 2.71174630e-05 1.66402111e-05 1.34461947e-06 1.82640984e-06]
===== JOB END =====
mer. 29 avril 2026 11:22:04 CEST
