===== JOB START =====
mar. 28 avril 2026 14:33:54 CEST
sl-mee-br-202
===== GPU INFO =====
No devices were found
===== LOAD CONDA =====
===== START TRAINING =====
Turnover times: 0.0002885730811282005 1970.4961715176735
RMSE(obs): 0.0010152540339303092
RMSE(EnKF): [1.91249704e-03 2.83814554e-03 4.29570205e-03 4.86358785e-03
 1.24996915e-02 3.30131541e-03 2.07650275e-02 1.69662697e-02
 2.06370748e-02 3.49980018e-02 1.33795396e-03 1.31405309e-03
 6.83881030e-04 6.88137780e-04 7.77720944e-04 7.77777730e-04
 1.50875875e-02 1.48947759e-02 2.17717556e-02 1.76261679e-02
 1.27901976e-02 2.13193564e-02 1.31620322e-02 1.31208373e-02
 8.62904476e-03 9.96735311e-03 6.96497557e-03 8.88063704e-03
 5.73881962e-03 5.94367664e-03 3.98114527e-03 3.97458894e-03
 3.17238034e-03 3.25738468e-03 2.47565937e-03 2.50028471e-03
 1.39729365e-03 1.45508912e-03 4.63989332e-04 4.16385188e-04
 8.79186753e-05 5.11951075e-05 3.45252382e-06 3.83143664e-06]
===== JOB END =====
mar. 28 avril 2026 14:47:51 CEST
