===== JOB START =====
mar. 28 avril 2026 15:17:48 CEST
sl-mee-br-202
===== GPU INFO =====
No devices were found
===== LOAD CONDA =====
===== START TRAINING =====
Turnover times: 0.0002885730811282005 1970.4961715176735
RMSE(obs): 0.0009866678515757152
RMSE(EnKF): [9.83394236e-04 8.97924716e-04 4.42164795e-04 1.94683889e-04
 3.71923615e-04 2.69891153e-04 3.93218853e-04 6.43033101e-04
 4.56013725e-04 4.36601641e-04 9.38251597e-04 9.87584344e-04
 6.60905406e-04 6.52274956e-04 6.37623484e-04 6.67470146e-04
 3.43331433e-04 1.06859702e-04 1.32117897e-04 1.33778578e-04
 1.29883094e-04 1.24019573e-04 7.22783251e-05 8.48101174e-05
 6.14124114e-05 6.66318286e-05 9.84812893e-05 3.98808885e-05
 4.74582550e-05 4.38897393e-05 2.24903890e-05 3.40784186e-05
 2.23757705e-05 2.02416532e-05 1.02649743e-05 1.06814888e-05
 1.09388202e-06 2.01106899e-06 5.63026316e-08 1.60390997e-07
 1.93687527e-09 3.53510766e-10 2.91082915e-14 3.77863886e-13]
===== JOB END =====
mar. 28 avril 2026 15:18:20 CEST
