===== JOB START =====
mar. 28 avril 2026 13:50:17 CEST
sl-mee-br-202
===== GPU INFO =====
No devices were found
===== LOAD CONDA =====
===== START TRAINING =====
Turnover times: 0.00028857309124878964 1970.4964009721248
RMSE(obs): 0.0010128060288916978
RMSE(EnKF): [5.48970060e-02 3.23607011e-02 3.22187218e-02 6.13656610e-02
 5.24321670e-02 3.90903967e-02 4.18456024e-02 4.63822651e-02
 3.68800097e-02 1.23554027e-01 4.07399096e-03 4.80488004e-03
 1.39492230e-03 8.25441707e-04 1.93777043e-03 9.51097102e-04
 1.72065683e-02 4.80976394e-02 3.10325641e-02 3.53090952e-02
 3.18845832e-02 2.53588992e-02 1.66917905e-02 2.58142471e-02
 1.49305584e-02 1.54421690e-02 1.12699971e-02 1.32194467e-02
 8.48766210e-03 1.05256583e-02 4.73641033e-03 6.65063144e-03
 5.29375542e-03 4.61432220e-03 3.08481546e-03 4.95370156e-03
 1.46556401e-03 2.36799107e-03 4.89415342e-04 5.09364013e-04
 3.52266855e-05 6.39080626e-05 1.68824177e-06 1.71894825e-06]
===== JOB END =====
mar. 28 avril 2026 14:07:06 CEST
