===== JOB START =====
lun. 27 avril 2026 11:51:41 CEST
sl-mee-br-206
===== GPU INFO =====
Mon Apr 27 11:51:41 2026       
+-----------------------------------------------------------------------------------------+
| NVIDIA-SMI 570.158.01             Driver Version: 570.158.01     CUDA Version: 12.8     |
|-----------------------------------------+------------------------+----------------------+
| GPU  Name                 Persistence-M | Bus-Id          Disp.A | Volatile Uncorr. ECC |
| Fan  Temp   Perf          Pwr:Usage/Cap |           Memory-Usage | GPU-Util  Compute M. |
|                                         |                        |               MIG M. |
|=========================================+========================+======================|
|   0  NVIDIA A100-SXM4-80GB          Off |   00000000:CB:00.0 Off |                    0 |
| N/A   34C    P0             64W /  400W |       0MiB /  81920MiB |      0%      Default |
|                                         |                        |             Disabled |
+-----------------------------------------+------------------------+----------------------+
                                                                                         
+-----------------------------------------------------------------------------------------+
| Processes:                                                                              |
|  GPU   GI   CI              PID   Type   Process name                        GPU Memory |
|        ID   ID                                                               Usage      |
|=========================================================================================|
|  No running processes found                                                             |
+-----------------------------------------------------------------------------------------+
===== LOAD CONDA =====
===== START TRAINING =====

=== Final Time: 0.50 ===
  tol: 0.001
  tol: 0.01
  tol: 0.1
  tol: 1.0
  tol: 10.0
Relative l2 error  x: 2.448e-06
Relative l2 error  y: 3.323e-06
Relative l2 error  z: 1.932e-06

=== Final Time: 1.00 ===
  tol: 0.001
  tol: 0.01
  tol: 0.1
  tol: 1.0
  tol: 10.0
Relative l2 error  x: 5.357e-06
Relative l2 error  y: 4.564e-06
Relative l2 error  z: 1.877e-06

=== Final Time: 1.50 ===
  tol: 0.001
  tol: 0.01
  tol: 0.1
  tol: 1.0
  tol: 10.0
Relative l2 error  x: 7.755e-06
Relative l2 error  y: 6.427e-06
Relative l2 error  z: 3.518e-06

=== Final Time: 2.00 ===
  tol: 0.001
  tol: 0.01
  tol: 0.1
  tol: 1.0
  tol: 10.0
Relative l2 error  x: 1.061e-05
Relative l2 error  y: 1.463e-05
Relative l2 error  z: 5.262e-06

=== Final Time: 2.50 ===
  tol: 0.001
  tol: 0.01
  tol: 0.1
  tol: 1.0
  tol: 10.0
Relative l2 error  x: 1.489e-05
Relative l2 error  y: 1.969e-05
Relative l2 error  z: 9.222e-06

=== Final Time: 3.00 ===
  tol: 0.001
  tol: 0.01
  tol: 0.1
  tol: 1.0
  tol: 10.0
Relative l2 error  x: 2.057e-05
Relative l2 error  y: 2.621e-05
Relative l2 error  z: 1.160e-05

=== Final Time: 3.50 ===
  tol: 0.001
  tol: 0.01
  tol: 0.1
  tol: 1.0
  tol: 10.0
Relative l2 error  x: 2.186e-05
Relative l2 error  y: 2.810e-05
Relative l2 error  z: 1.272e-05

=== Final Time: 4.00 ===
  tol: 0.001
  tol: 0.01
  tol: 0.1
  tol: 1.0
  tol: 10.0
Relative l2 error  x: 2.436e-05
Relative l2 error  y: 2.959e-05
Relative l2 error  z: 1.354e-05

=== Final Time: 4.50 ===
  tol: 0.001
  tol: 0.01
  tol: 0.1
  tol: 1.0
  tol: 10.0
Relative l2 error  x: 2.618e-05
Relative l2 error  y: 3.440e-05
Relative l2 error  z: 1.453e-05

=== Final Time: 5.00 ===
  tol: 0.001
  tol: 0.01
  tol: 0.1
  tol: 1.0
  tol: 10.0
Relative l2 error  x: 3.176e-05
Relative l2 error  y: 4.008e-05
Relative l2 error  z: 1.756e-05

=== Final Time: 5.50 ===
  tol: 0.001
  tol: 0.01
  tol: 0.1
  tol: 1.0
  tol: 10.0
Relative l2 error  x: 3.430e-05
Relative l2 error  y: 4.407e-05
Relative l2 error  z: 1.862e-05

=== Final Time: 6.00 ===
  tol: 0.001
  tol: 0.01
  tol: 0.1
  tol: 1.0
  tol: 10.0
Relative l2 error  x: 3.613e-05
Relative l2 error  y: 4.806e-05
Relative l2 error  z: 2.072e-05

=== Final Time: 6.50 ===
  tol: 0.001
  tol: 0.01
  tol: 0.1
  tol: 1.0
  tol: 10.0
Relative l2 error  x: 4.022e-05
Relative l2 error  y: 5.193e-05
Relative l2 error  z: 2.230e-05

=== Final Time: 7.00 ===
  tol: 0.001
  tol: 0.01
  tol: 0.1
  tol: 1.0
  tol: 10.0
Relative l2 error  x: 4.213e-05
Relative l2 error  y: 5.603e-05
Relative l2 error  z: 2.366e-05

=== Final Time: 7.50 ===
  tol: 0.001
  tol: 0.01
  tol: 0.1
  tol: 1.0
  tol: 10.0
Relative l2 error  x: 4.434e-05
Relative l2 error  y: 5.914e-05
Relative l2 error  z: 2.495e-05

=== Final Time: 8.00 ===
  tol: 0.001
  tol: 0.01
  tol: 0.1
  tol: 1.0
  tol: 10.0
Relative l2 error  x: 4.474e-05
Relative l2 error  y: 6.041e-05
Relative l2 error  z: 2.524e-05

=== Final Time: 8.50 ===
  tol: 0.001
  tol: 0.01
  tol: 0.1
  tol: 1.0
  tol: 10.0
Relative l2 error  x: 4.466e-05
Relative l2 error  y: 5.990e-05
Relative l2 error  z: 2.550e-05

=== Final Time: 9.00 ===
  tol: 0.001
  tol: 0.01
  tol: 0.1
  tol: 1.0
  tol: 10.0
Relative l2 error  x: 4.476e-05
Relative l2 error  y: 6.000e-05
Relative l2 error  z: 2.528e-05

=== Final Time: 9.50 ===
  tol: 0.001
  tol: 0.01
  tol: 0.1
  tol: 1.0
  tol: 10.0
Relative l2 error  x: 4.423e-05
Relative l2 error  y: 5.932e-05
Relative l2 error  z: 2.498e-05

=== Final Time: 10.00 ===
  tol: 0.001
  tol: 0.01
  tol: 0.1
  tol: 1.0
  tol: 10.0
Relative l2 error  x: 4.347e-05
Relative l2 error  y: 5.844e-05
Relative l2 error  z: 2.454e-05

=== Final Time: 10.50 ===
  tol: 0.001
  tol: 0.01
  tol: 0.1
  tol: 1.0
  tol: 10.0
Relative l2 error  x: 4.269e-05
Relative l2 error  y: 5.703e-05
Relative l2 error  z: 2.432e-05

=== Final Time: 11.00 ===
  tol: 0.001
  tol: 0.01
  tol: 0.1
  tol: 1.0
  tol: 10.0
Relative l2 error  x: 4.289e-05
Relative l2 error  y: 5.691e-05
Relative l2 error  z: 2.454e-05

=== Final Time: 11.50 ===
  tol: 0.001
  tol: 0.01
  tol: 0.1
  tol: 1.0
  tol: 10.0
Relative l2 error  x: 4.397e-05
Relative l2 error  y: 5.970e-05
Relative l2 error  z: 2.451e-05

=== Final Time: 12.00 ===
  tol: 0.001
  tol: 0.01
  tol: 0.1
  tol: 1.0
  tol: 10.0
Relative l2 error  x: 4.860e-05
Relative l2 error  y: 6.659e-05
Relative l2 error  z: 2.839e-05

=== Final Time: 12.50 ===
  tol: 0.001
  tol: 0.01
  tol: 0.1
  tol: 1.0
  tol: 10.0
Relative l2 error  x: 6.532e-05
Relative l2 error  y: 9.913e-05
Relative l2 error  z: 4.071e-05

=== Final Time: 13.00 ===
  tol: 0.001
  tol: 0.01
  tol: 0.1
  tol: 1.0
  tol: 10.0
Relative l2 error  x: 9.154e-05
Relative l2 error  y: 1.356e-04
Relative l2 error  z: 4.600e-05

=== Final Time: 13.50 ===
  tol: 0.001
  tol: 0.01
  tol: 0.1
  tol: 1.0
  tol: 10.0
Relative l2 error  x: 1.808e-04
Relative l2 error  y: 2.626e-04
Relative l2 error  z: 1.100e-04

=== Final Time: 14.00 ===
  tol: 0.001
  tol: 0.01
  tol: 0.1
  tol: 1.0
  tol: 10.0
Relative l2 error  x: 5.510e-04
Relative l2 error  y: 9.004e-04
Relative l2 error  z: 2.174e-04

=== Final Time: 14.50 ===
  tol: 0.001
  tol: 0.01
  tol: 0.1
  tol: 1.0
  tol: 10.0
Relative l2 error  x: 1.343e-03
Relative l2 error  y: 2.039e-03
Relative l2 error  z: 8.309e-04

=== Final Time: 15.00 ===
  tol: 0.001
  tol: 0.01
  tol: 0.1
  tol: 1.0
  tol: 10.0
Relative l2 error  x: 1.383e-03
Relative l2 error  y: 2.086e-03
Relative l2 error  z: 8.442e-04

=== Final Time: 15.50 ===
  tol: 0.001
  tol: 0.01
  tol: 0.1
  tol: 1.0
  tol: 10.0
Relative l2 error  x: 1.386e-03
Relative l2 error  y: 2.056e-03
Relative l2 error  z: 8.546e-04

=== Final Time: 16.00 ===
  tol: 0.001
  tol: 0.01
  tol: 0.1
  tol: 1.0
  tol: 10.0
Relative l2 error  x: 1.460e-03
Relative l2 error  y: 2.151e-03
Relative l2 error  z: 8.596e-04

=== Final Time: 16.50 ===
  tol: 0.001
  tol: 0.01
  tol: 0.1
  tol: 1.0
  tol: 10.0
Relative l2 error  x: 1.667e-03
Relative l2 error  y: 2.452e-03
Relative l2 error  z: 1.031e-03

=== Final Time: 17.00 ===
  tol: 0.001
  tol: 0.01
  tol: 0.1
  tol: 1.0
  tol: 10.0
Relative l2 error  x: 4.093e-03
Relative l2 error  y: 6.555e-03
Relative l2 error  z: 3.174e-03

=== Final Time: 17.50 ===
  tol: 0.001
  tol: 0.01
  tol: 0.1
  tol: 1.0
  tol: 10.0
Relative l2 error  x: 5.960e-03
Relative l2 error  y: 8.691e-03
Relative l2 error  z: 3.749e-03

=== Final Time: 18.00 ===
  tol: 0.001
  tol: 0.01
  tol: 0.1
  tol: 1.0
  tol: 10.0
Relative l2 error  x: 6.046e-03
Relative l2 error  y: 8.873e-03
Relative l2 error  z: 3.882e-03

=== Final Time: 18.50 ===
  tol: 0.001
  tol: 0.01
  tol: 0.1
  tol: 1.0
  tol: 10.0
Relative l2 error  x: 2.617e-02
Relative l2 error  y: 4.396e-02
Relative l2 error  z: 7.513e-03

=== Final Time: 19.00 ===
  tol: 0.001
  tol: 0.01
  tol: 0.1
  tol: 1.0
  tol: 10.0
Relative l2 error  x: 8.757e-02
Relative l2 error  y: 1.284e-01
Relative l2 error  z: 5.311e-02

=== Final Time: 19.50 ===
  tol: 0.001
  tol: 0.01
  tol: 0.1
  tol: 1.0
  tol: 10.0
Relative l2 error  x: 9.077e-02
Relative l2 error  y: 1.329e-01
Relative l2 error  z: 5.456e-02

=== Final Time: 20.00 ===
  tol: 0.001
  tol: 0.01
  tol: 0.1
  tol: 1.0
  tol: 10.0
Relative l2 error  x: 9.176e-02
Relative l2 error  y: 1.317e-01
Relative l2 error  z: 5.554e-02

=== Final Time: 20.50 ===
  tol: 0.001
  tol: 0.01
  tol: 0.1
  tol: 1.0
  tol: 10.0
Relative l2 error  x: 9.448e-02
Relative l2 error  y: 1.352e-01
Relative l2 error  z: 5.559e-02

=== Final Time: 21.00 ===
  tol: 0.001
  tol: 0.01
  tol: 0.1
  tol: 1.0
  tol: 10.0
Relative l2 error  x: 1.037e-01
Relative l2 error  y: 1.479e-01
Relative l2 error  z: 6.341e-02

=== Final Time: 21.50 ===
  tol: 0.001
  tol: 0.01
  tol: 0.1
  tol: 1.0
  tol: 10.0
Relative l2 error  x: 2.273e-01
Relative l2 error  y: 2.838e-01
Relative l2 error  z: 1.040e-01

=== Final Time: 22.00 ===
  tol: 0.001
  tol: 0.01
  tol: 0.1
  tol: 1.0
  tol: 10.0
Relative l2 error  x: 3.255e-01
Relative l2 error  y: 3.406e-01
Relative l2 error  z: 1.353e-01

=== Final Time: 22.50 ===
  tol: 0.001
  tol: 0.01
  tol: 0.1
  tol: 1.0
  tol: 10.0
Relative l2 error  x: 3.248e-01
Relative l2 error  y: 3.455e-01
Relative l2 error  z: 1.377e-01

=== Final Time: 23.00 ===
  tol: 0.001
  tol: 0.01
  tol: 0.1
  tol: 1.0
  tol: 10.0
Relative l2 error  x: 4.141e-01
Relative l2 error  y: 4.690e-01
Relative l2 error  z: 1.381e-01

=== Final Time: 23.50 ===
  tol: 0.001
  tol: 0.01
  tol: 0.1
  tol: 1.0
  tol: 10.0
Relative l2 error  x: 4.714e-01
Relative l2 error  y: 4.887e-01
Relative l2 error  z: 1.373e-01

=== Final Time: 24.00 ===
  tol: 0.001
  tol: 0.01
  tol: 0.1
  tol: 1.0
  tol: 10.0
Relative l2 error  x: 5.730e-01
Relative l2 error  y: 5.927e-01
Relative l2 error  z: 1.378e-01

=== Final Time: 24.50 ===
  tol: 0.001
  tol: 0.01
  tol: 0.1
  tol: 1.0
  tol: 10.0
Relative l2 error  x: 5.808e-01
Relative l2 error  y: 6.139e-01
Relative l2 error  z: 1.378e-01

=== Final Time: 25.00 ===
  tol: 0.001
  tol: 0.01
  tol: 0.1
  tol: 1.0
  tol: 10.0
Relative l2 error  x: 6.589e-01
Relative l2 error  y: 6.906e-01
Relative l2 error  z: 1.432e-01

=== Final Time: 25.50 ===
  tol: 0.001
  tol: 0.01
  tol: 0.1
  tol: 1.0
  tol: 10.0
Relative l2 error  x: 7.230e-01
Relative l2 error  y: 7.513e-01
Relative l2 error  z: 1.432e-01

=== Final Time: 26.00 ===
  tol: 0.001
  tol: 0.01
  tol: 0.1
  tol: 1.0
  tol: 10.0
Relative l2 error  x: 7.523e-01
Relative l2 error  y: 7.974e-01
Relative l2 error  z: 1.432e-01

=== Final Time: 26.50 ===
  tol: 0.001
  tol: 0.01
  tol: 0.1
  tol: 1.0
  tol: 10.0
Relative l2 error  x: 7.855e-01
Relative l2 error  y: 8.110e-01
Relative l2 error  z: 1.422e-01

=== Final Time: 27.00 ===
  tol: 0.001
  tol: 0.01
  tol: 0.1
  tol: 1.0
  tol: 10.0
Relative l2 error  x: 8.388e-01
Relative l2 error  y: 8.691e-01
Relative l2 error  z: 1.449e-01

=== Final Time: 27.50 ===
  tol: 0.001
  tol: 0.01
  tol: 0.1
  tol: 1.0
  tol: 10.0
Relative l2 error  x: 8.505e-01
Relative l2 error  y: 8.913e-01
Relative l2 error  z: 1.468e-01

=== Final Time: 28.00 ===
  tol: 0.001
  tol: 0.01
  tol: 0.1
  tol: 1.0
  tol: 10.0
Relative l2 error  x: 8.864e-01
Relative l2 error  y: 9.152e-01
Relative l2 error  z: 1.479e-01

=== Final Time: 28.50 ===
  tol: 0.001
  tol: 0.01
  tol: 0.1
  tol: 1.0
  tol: 10.0
Relative l2 error  x: 8.777e-01
Relative l2 error  y: 9.066e-01
Relative l2 error  z: 1.502e-01

=== Final Time: 29.00 ===
  tol: 0.001
  tol: 0.01
  tol: 0.1
  tol: 1.0
  tol: 10.0
Relative l2 error  x: 8.780e-01
Relative l2 error  y: 9.081e-01
Relative l2 error  z: 1.506e-01

=== Final Time: 29.50 ===
  tol: 0.001
  tol: 0.01
  tol: 0.1
  tol: 1.0
  tol: 10.0
Relative l2 error  x: 9.233e-01
Relative l2 error  y: 9.592e-01
Relative l2 error  z: 1.505e-01

=== Final Time: 30.00 ===
  tol: 0.001
  tol: 0.01
  tol: 0.1
  tol: 1.0
  tol: 10.0
Relative l2 error  x: 9.550e-01
Relative l2 error  y: 9.924e-01
Relative l2 error  z: 1.502e-01
===== JOB END =====
mar. 28 avril 2026 04:45:43 CEST
